<?xml version="1.0" encoding="UTF-8"?>
<!-- Generated by org.testng.reporters.JUnitReportReporter -->
<testsuite hostname="LAKSHMI" failures="0" tests="2" name="newtestng.Configurationannotaions" time="0.016" errors="0" timestamp="2023-11-11T09:56:49 IST" skipped="0">
  <testcase classname="newtestng.Configurationannotaions" name="method" time="0.010"/>
  <system-out/>
  <testcase classname="newtestng.Configurationannotaions" name="method1" time="0.006"/>
  <system-out/>
</testsuite> <!-- newtestng.Configurationannotaions -->
