<?xml version="1.0" encoding="UTF-8"?>
<!-- Generated by org.testng.reporters.JUnitReportReporter -->
<testsuite hostname="LAKSHMI" failures="0" tests="1" name="selenium.Demostrationforsoftassert" time="0.012" errors="0" timestamp="2023-11-13T09:31:52 IST" skipped="0">
  <testcase classname="selenium.Demostrationforsoftassert" name="demo" time="0.012"/>
  <system-out/>
</testsuite> <!-- selenium.Demostrationforsoftassert -->
