<?xml version="1.0" encoding="UTF-8"?>
<!-- Generated by org.testng.reporters.JUnitReportReporter -->
<testsuite hostname="LAKSHMI" failures="0" tests="3" name="newtestng.Testngpractice" time="0.012" errors="0" timestamp="2023-11-08T10:23:31 IST" skipped="0">
  <testcase classname="newtestng.Testngpractice" name="logout" time="0.010"/>
  <system-out/>
  <testcase classname="newtestng.Testngpractice" name="home" time="0.001"/>
  <system-out/>
  <testcase classname="newtestng.Testngpractice" name="login" time="0.001"/>
  <system-out/>
</testsuite> <!-- newtestng.Testngpractice -->
